<?xml version="1.0" encoding="UTF-8"?>
<testng-results ignored="0" total="1" passed="1" failed="0" skipped="0">
  <reporter-output>
  </reporter-output>
  <suite started-at="2023-07-06T16:33:36 IST" name="Default suite" finished-at="2023-07-06T16:33:37 IST" duration-ms="765">
    <groups>
      <group name="cucumber">
        <method signature="AbstractTestNGCucumberTests.runScenario(io.cucumber.testng.PickleWrapper,io.cucumber.testng.FeatureWrapper)[pri:0, instance:testrun.LoginRun@38c6f217]" name="runScenario" class="io.cucumber.testng.AbstractTestNGCucumberTests"/>
      </group> <!-- cucumber -->
    </groups>
    <test started-at="2023-07-06T16:33:36 IST" name="Default test" finished-at="2023-07-06T16:33:37 IST" duration-ms="765">
      <class name="testrun.LoginRun">
        <test-method is-config="true" signature="setUpClass(org.testng.ITestContext)[pri:0, instance:testrun.LoginRun@38c6f217]" started-at="2023-07-06T16:33:36 IST" name="setUpClass" finished-at="2023-07-06T16:33:36 IST" duration-ms="399" status="PASS">
          <params>
            <param index="0">
              <value>
                <![CDATA[org.testng.TestRunner@7d3430a7]]>
              </value>
            </param>
          </params>
          <reporter-output>
          </reporter-output>
        </test-method> <!-- setUpClass -->
        <test-method signature="runScenario(io.cucumber.testng.PickleWrapper,io.cucumber.testng.FeatureWrapper)[pri:0, instance:testrun.LoginRun@38c6f217]" started-at="2023-07-06T16:33:36 IST" name="runScenario" description="Runs Cucumber Scenarios" data-provider="scenarios" finished-at="2023-07-06T16:33:37 IST" duration-ms="289" status="PASS">
          <params>
            <param index="0">
              <value>
                <![CDATA["Successfull Login Test with valid credentials"]]>
              </value>
            </param>
            <param index="1">
              <value>
                <![CDATA["Login Functionality"]]>
              </value>
            </param>
          </params>
          <reporter-output>
          </reporter-output>
        </test-method> <!-- runScenario -->
        <test-method is-config="true" signature="tearDownClass()[pri:0, instance:testrun.LoginRun@38c6f217]" started-at="2023-07-06T16:33:37 IST" name="tearDownClass" finished-at="2023-07-06T16:33:37 IST" duration-ms="29" status="PASS">
          <reporter-output>
          </reporter-output>
        </test-method> <!-- tearDownClass -->
      </class> <!-- testrun.LoginRun -->
    </test> <!-- Default test -->
  </suite> <!-- Default suite -->
</testng-results>
